<?xml version="1.0" encoding="UTF-8" ?>
<testsuite tests="37" failures="0" name="testRunner.TestRun" time="0.014" errors="0" skipped="0">
  <properties>
[...]
</properties>
  <testcase classname="Scenario: Verify the Build Number" name="Given User Launch Chrome Browser" time="0.009"/>
  <testcase classname="Scenario: Verify the Build Number" name="When User Opens the URL &quot;http://localhost/login.do&quot;" time="0.001"/>
  <testcase classname="Scenario: Verify the Build Number" name="And User Enters Username as &quot;admin&quot; and Password as &quot;manager&quot;" time="0"/>
  <testcase classname="Scenario: Verify the Build Number" name="And Users click on login" time="0"/>
  <testcase classname="Scenario: Verify the Build Number" name="Then Click on help icon" time="0"/>
  <testcase classname="Scenario: Verify the Build Number" name="Then Click on about actiTime" time="0"/>
  <testcase classname="Scenario: Verify the Build Number" name="And Verify the build number" time="0"/>
  <testcase classname="Scenario: Verify the Build Number" name="Then Click on close" time="0"/>
  <testcase classname="Scenario: Verify the Build Number" name="And Close the browser" time="0"/>
  <testcase classname="Scenario: Verify the Build Number" name="Scenario: Verify the Build Number" time="0.001"/>
  <testcase classname="Scenario: Valid login" name="Given User Launch Chrome Browser" time="0"/>
  <testcase classname="Scenario: Valid login" name="When User Opens the URL &quot;http://localhost/login.do&quot;" time="0"/>
  <testcase classname="Scenario: Valid login" name="And User Enters Username as &quot;admin&quot; and Password as &quot;manager&quot;" time="0"/>
  <testcase classname="Scenario: Valid login" name="And Users click on login" time="0"/>
  <testcase classname="Scenario: Valid login" name="Then Page url should be &quot;http://localhost/user/submit_tt.do&quot;" time="0"/>
  <testcase classname="Scenario: Valid login" name="When User Click on logout link" time="0"/>
  <testcase classname="Scenario: Valid login" name="Then Page url should be &quot;http://localhost/login.do&quot;" time="0"/>
  <testcase classname="Scenario: Valid login" name="And Close the browser" time="0"/>
  <testcase classname="Scenario: Valid login" name="Scenario: Valid login" time="0.001"/>
  <testcase classname="| admin | manager |" name="Given User Launch Chrome Browser" time="0"/>
  <testcase classname="| admin | manager |" name="When User Opens the URL &quot;http://localhost/login.do&quot;" time="0"/>
  <testcase classname="| admin | manager |" name="And User Enters Username as &quot;admin&quot; and Password as &quot;manager&quot;" time="0"/>
  <testcase classname="| admin | manager |" name="And Users click on login" time="0"/>
  <testcase classname="| admin | manager |" name="Then Page url should be &quot;http://localhost/user/submit_tt.do&quot;" time="0"/>
  <testcase classname="| admin | manager |" name="When User Click on logout link" time="0"/>
  <testcase classname="| admin | manager |" name="Then Page url should be &quot;http://localhost/login.do&quot;" time="0"/>
  <testcase classname="| admin | manager |" name="And Close the browser" time="0"/>
  <testcase classname="| admin | manager |" name="| admin | manager |" time="0.001"/>
  <testcase classname="| admin | manager |" name="Given User Launch Chrome Browser" time="0"/>
  <testcase classname="| admin | manager |" name="When User Opens the URL &quot;http://localhost/login.do&quot;" time="0"/>
  <testcase classname="| admin | manager |" name="And User Enters Username as &quot;admin&quot; and Password as &quot;manager&quot;" time="0"/>
  <testcase classname="| admin | manager |" name="And Users click on login" time="0"/>
  <testcase classname="| admin | manager |" name="Then Page url should be &quot;http://localhost/user/submit_tt.do&quot;" time="0"/>
  <testcase classname="| admin | manager |" name="When User Click on logout link" time="0"/>
  <testcase classname="| admin | manager |" name="Then Page url should be &quot;http://localhost/login.do&quot;" time="0"/>
  <testcase classname="| admin | manager |" name="And Close the browser" time="0"/>
  <testcase classname="| admin | manager |" name="| admin | manager |" time="0.001"/>
</testsuite>